<?xml version="1.0" encoding="UTF-8"?>
<testng-results ignored="0" total="1" passed="1" failed="0" skipped="0">
  <reporter-output>
  </reporter-output>
  <suite started-at="2024-01-11T08:29:41 IST" name="Default suite" finished-at="2024-01-11T08:30:53 IST" duration-ms="71995">
    <groups>
    </groups>
    <test started-at="2024-01-11T08:29:41 IST" name="Default test" finished-at="2024-01-11T08:30:53 IST" duration-ms="71995">
      <class name="Exam.Register">
        <test-method is-config="true" signature="Openurl()[pri:0, instance:Exam.Register@2892d68]" started-at="2024-01-11T08:29:41 IST" name="Openurl" finished-at="2024-01-11T08:29:48 IST" duration-ms="6958" status="PASS">
          <reporter-output>
          </reporter-output>
        </test-method> <!-- Openurl -->
        <test-method signature="function()[pri:0, instance:Exam.Register@2892d68]" started-at="2024-01-11T08:29:48 IST" name="function" finished-at="2024-01-11T08:30:53 IST" duration-ms="64988" status="PASS">
          <reporter-output>
          </reporter-output>
        </test-method> <!-- function -->
        <test-method is-config="true" signature="afterTest()[pri:0, instance:Exam.Register@2892d68]" started-at="2024-01-11T08:30:53 IST" name="afterTest" finished-at="2024-01-11T08:30:53 IST" duration-ms="0" status="PASS">
          <reporter-output>
          </reporter-output>
        </test-method> <!-- afterTest -->
      </class> <!-- Exam.Register -->
    </test> <!-- Default test -->
  </suite> <!-- Default suite -->
</testng-results>
